TN:
SF:src/CPU.js
FN:7,(anonymous_0)
FN:19,(anonymous_1)
FN:91,(anonymous_2)
FN:108,(anonymous_3)
FN:120,(anonymous_4)
FN:139,(anonymous_5)
FN:148,(anonymous_6)
FN:156,(anonymous_7)
FN:163,(anonymous_8)
FNF:9
FNH:9
FNDA:40,(anonymous_0)
FNDA:28,(anonymous_1)
FNDA:23,(anonymous_2)
FNDA:9,(anonymous_3)
FNDA:36,(anonymous_4)
FNDA:43,(anonymous_5)
FNDA:7,(anonymous_6)
FNDA:2,(anonymous_7)
FNDA:1,(anonymous_8)
DA:8,40
DA:9,40
DA:10,40
DA:11,40
DA:21,28
DA:22,28
DA:25,28
DA:26,29
DA:28,29
DA:30,6
DA:33,6
DA:34,0
DA:38,23
DA:39,23
DA:42,23
DA:43,0
DA:48,29
DA:50,29
DA:52,28
DA:53,6
DA:55,1
DA:56,1
DA:57,1
DA:58,1
DA:61,5
DA:62,5
DA:63,5
DA:66,22
DA:69,22
DA:70,1
DA:74,28
DA:84,0
DA:92,23
DA:95,23
DA:96,39
DA:97,39
DA:98,39
DA:101,23
DA:109,9
DA:110,9
DA:111,9
DA:113,9
DA:120,9
DA:122,36
DA:123,28
DA:125,28
DA:127,24
DA:140,43
DA:141,43
DA:149,7
DA:157,2
DA:164,1
DA:165,1
LF:53
LH:50
BRDA:7,0,0,1
BRDA:7,1,0,1
BRDA:28,2,0,6
BRDA:28,2,1,23
BRDA:28,3,0,29
BRDA:28,3,1,6
BRDA:33,4,0,0
BRDA:33,4,1,6
BRDA:42,5,0,0
BRDA:42,5,1,23
BRDA:50,6,0,28
BRDA:50,6,1,1
BRDA:52,7,0,6
BRDA:52,7,1,22
BRDA:53,8,0,1
BRDA:53,8,1,5
BRDA:69,9,0,1
BRDA:69,9,1,21
BRDA:69,10,0,22
BRDA:69,10,1,3
BRDA:122,11,0,28
BRDA:122,11,1,8
BRDA:125,12,0,24
BRDA:125,12,1,4
BRDA:125,13,0,28
BRDA:125,13,1,25
BRDA:141,14,0,43
BRDA:141,14,1,40
BRDA:141,14,2,38
BRDA:141,14,3,34
BRF:30
BRH:28
end_of_record
TN:
SF:src/Game.js
FN:10,(anonymous_0)
FN:29,(anonymous_1)
FN:43,(anonymous_2)
FN:63,(anonymous_3)
FN:102,(anonymous_4)
FN:103,(anonymous_5)
FN:104,(anonymous_6)
FN:122,(anonymous_7)
FN:135,(anonymous_8)
FN:154,(anonymous_9)
FN:164,(anonymous_10)
FN:179,(anonymous_11)
FN:191,(anonymous_12)
FN:202,(anonymous_13)
FNF:14
FNH:7
FNDA:24,(anonymous_0)
FNDA:0,(anonymous_1)
FNDA:18,(anonymous_2)
FNDA:0,(anonymous_3)
FNDA:0,(anonymous_4)
FNDA:0,(anonymous_5)
FNDA:0,(anonymous_6)
FNDA:0,(anonymous_7)
FNDA:37,(anonymous_8)
FNDA:0,(anonymous_9)
FNDA:3,(anonymous_10)
FNDA:24,(anonymous_11)
FNDA:22,(anonymous_12)
FNDA:24,(anonymous_13)
DA:11,24
DA:12,24
DA:13,24
DA:15,24
DA:16,24
DA:17,24
DA:18,24
DA:20,24
DA:30,0
DA:31,0
DA:32,0
DA:34,0
DA:36,0
DA:44,18
DA:47,18
DA:48,18
DA:51,18
DA:52,17
DA:54,17
DA:55,17
DA:57,17
DA:64,0
DA:66,0
DA:67,0
DA:68,0
DA:72,0
DA:75,0
DA:77,0
DA:78,0
DA:82,0
DA:83,0
DA:84,0
DA:88,0
DA:91,0
DA:92,0
DA:93,0
DA:103,0
DA:104,0
DA:105,0
DA:107,0
DA:108,0
DA:109,0
DA:110,0
DA:113,0
DA:114,0
DA:123,0
DA:125,0
DA:136,37
DA:137,3
DA:138,3
DA:139,3
DA:142,34
DA:143,1
DA:144,1
DA:145,1
DA:148,33
DA:155,0
DA:156,0
DA:157,0
DA:165,3
DA:180,24
DA:181,1
DA:184,23
DA:192,22
DA:193,1
DA:196,21
DA:203,24
LF:67
LH:33
BRDA:10,0,0,3
BRDA:10,1,0,3
BRDA:10,2,0,3
BRDA:66,3,0,0
BRDA:66,3,1,0
BRDA:77,4,0,0
BRDA:77,4,1,0
BRDA:82,5,0,0
BRDA:82,5,1,0
BRDA:91,6,0,0
BRDA:91,6,1,0
BRDA:107,7,0,0
BRDA:107,7,1,0
BRDA:136,8,0,3
BRDA:136,8,1,34
BRDA:142,9,0,1
BRDA:142,9,1,33
BRDA:167,10,0,1
BRDA:167,10,1,2
BRDA:168,11,0,3
BRDA:168,11,1,0
BRDA:169,12,0,3
BRDA:169,12,1,0
BRDA:170,13,0,3
BRDA:170,13,1,0
BRDA:180,14,0,1
BRDA:180,14,1,23
BRDA:180,15,0,24
BRDA:180,15,1,23
BRDA:192,16,0,1
BRDA:192,16,1,21
BRDA:192,17,0,22
BRDA:192,17,1,21
BRF:33
BRH:20
end_of_record
TN:
SF:src/GameBoard.js
FN:7,(anonymous_0)
FN:18,(anonymous_1)
FN:19,(anonymous_2)
FN:27,(anonymous_3)
FN:54,(anonymous_4)
FN:76,(anonymous_5)
FN:95,(anonymous_6)
FN:117,(anonymous_7)
FN:127,(anonymous_8)
FN:153,(anonymous_9)
FN:154,(anonymous_10)
FN:161,(anonymous_11)
FN:162,(anonymous_12)
FN:170,(anonymous_13)
FN:196,(anonymous_14)
FN:197,(anonymous_15)
FN:198,(anonymous_16)
FN:211,(anonymous_17)
FNF:18
FNH:18
FNDA:254,(anonymous_0)
FNDA:255,(anonymous_1)
FNDA:1308,(anonymous_2)
FNDA:72,(anonymous_3)
FNDA:1124,(anonymous_4)
FNDA:1128,(anonymous_5)
FNDA:134,(anonymous_6)
FNDA:94,(anonymous_7)
FNDA:138,(anonymous_8)
FNDA:13,(anonymous_9)
FNDA:26,(anonymous_10)
FNDA:76,(anonymous_11)
FNDA:80,(anonymous_12)
FNDA:72,(anonymous_13)
FNDA:5,(anonymous_14)
FNDA:25,(anonymous_15)
FNDA:125,(anonymous_16)
FNDA:279,(anonymous_17)
DA:8,254
DA:9,254
DA:10,254
DA:11,254
DA:19,1308
DA:28,72
DA:29,72
DA:30,72
DA:32,72
DA:33,1122
DA:34,1122
DA:35,1122
DA:37,1122
DA:38,116
DA:39,116
DA:43,71
DA:44,1
DA:57,1124
DA:58,542
DA:59,542
DA:61,582
DA:62,582
DA:65,1124
DA:77,1128
DA:78,1417
DA:79,1417
DA:81,1417
DA:82,1009
DA:85,118
DA:96,134
DA:97,134
DA:99,134
DA:100,279
DA:101,279
DA:102,279
DA:104,279
DA:105,279
DA:108,134
DA:109,134
DA:118,94
DA:119,1
DA:122,93
DA:123,93
DA:124,93
DA:127,138
DA:129,93
DA:130,45
DA:131,45
DA:132,45
DA:133,45
DA:134,45
DA:141,0
DA:144,48
DA:145,48
DA:154,26
DA:162,80
DA:171,72
DA:172,7
DA:178,65
DA:179,65
DA:181,65
DA:182,6
DA:188,59
DA:197,5
DA:198,25
DA:199,125
DA:200,3
DA:202,122
DA:212,279
LF:69
LH:68
BRDA:7,0,0,1
BRDA:32,1,0,1193
BRDA:32,1,1,1123
BRDA:34,2,0,541
BRDA:34,2,1,581
BRDA:37,3,0,116
BRDA:37,3,1,1005
BRDA:43,4,0,1
BRDA:43,4,1,70
BRDA:57,5,0,542
BRDA:57,5,1,582
BRDA:78,6,0,656
BRDA:78,6,1,761
BRDA:79,7,0,656
BRDA:79,7,1,761
BRDA:81,8,0,1009
BRDA:81,8,1,407
BRDA:81,9,0,1417
BRDA:81,9,1,1416
BRDA:81,9,2,1415
BRDA:100,10,0,170
BRDA:100,10,1,109
BRDA:101,11,0,170
BRDA:101,11,1,109
BRDA:118,12,0,1
BRDA:118,12,1,93
BRDA:129,13,0,45
BRDA:129,13,1,48
BRDA:131,14,0,45
BRDA:131,14,1,0
BRDA:171,15,0,7
BRDA:171,15,1,65
BRDA:171,16,0,72
BRDA:171,16,1,70
BRDA:181,17,0,6
BRDA:181,17,1,59
BRDA:181,18,0,65
BRDA:181,18,1,64
BRDA:181,18,2,63
BRDA:181,18,3,63
BRDA:181,18,4,59
BRDA:181,18,5,59
BRDA:196,19,0,0
BRDA:199,20,0,3
BRDA:199,20,1,122
BRDA:199,21,0,125
BRDA:199,21,1,75
BRF:47
BRH:45
end_of_record
TN:
SF:src/GameDisplay.js
FN:9,(anonymous_0)
FN:49,(anonymous_1)
FN:73,(anonymous_2)
FN:82,(anonymous_3)
FN:95,(anonymous_4)
FN:102,(anonymous_5)
FN:109,(anonymous_6)
FN:118,(anonymous_7)
FN:133,(anonymous_8)
FN:142,(anonymous_9)
FN:151,(anonymous_10)
FNF:11
FNH:3
FNDA:0,(anonymous_0)
FNDA:0,(anonymous_1)
FNDA:17,(anonymous_2)
FNDA:0,(anonymous_3)
FNDA:34,(anonymous_4)
FNDA:18,(anonymous_5)
FNDA:0,(anonymous_6)
FNDA:0,(anonymous_7)
FNDA:0,(anonymous_8)
FNDA:0,(anonymous_9)
FNDA:0,(anonymous_10)
DA:10,0
DA:11,0
DA:12,0
DA:14,0
DA:17,0
DA:18,0
DA:19,0
DA:21,0
DA:24,0
DA:25,0
DA:28,0
DA:29,0
DA:32,0
DA:35,0
DA:36,0
DA:39,0
DA:41,0
DA:50,0
DA:52,0
DA:53,0
DA:54,0
DA:55,0
DA:57,0
DA:59,0
DA:60,0
DA:61,0
DA:62,0
DA:64,0
DA:66,0
DA:74,17
DA:75,17
DA:83,0
DA:84,0
DA:86,0
DA:96,34
DA:103,18
DA:110,0
DA:119,0
DA:120,0
DA:121,0
DA:122,0
DA:125,0
DA:134,0
DA:143,0
DA:144,0
DA:152,0
LF:46
LH:4
BRDA:49,0,0,0
BRDA:83,1,0,0
BRDA:83,1,1,0
BRDA:119,2,0,0
BRDA:119,2,1,0
BRDA:121,3,0,0
BRDA:121,3,1,0
BRF:7
BRH:0
end_of_record
TN:
SF:src/Player.js
FN:7,(anonymous_0)
FN:19,(anonymous_1)
FN:29,(anonymous_2)
FN:68,(anonymous_3)
FN:76,(anonymous_4)
FN:85,(anonymous_5)
FN:93,(anonymous_6)
FNF:7
FNH:7
FNDA:112,(anonymous_0)
FNDA:69,(anonymous_1)
FNDA:62,(anonymous_2)
FNDA:73,(anonymous_3)
FNDA:10,(anonymous_4)
FNDA:2,(anonymous_5)
FNDA:1,(anonymous_6)
DA:8,112
DA:9,112
DA:10,112
DA:11,112
DA:20,69
DA:31,62
DA:32,62
DA:33,4
DA:37,58
DA:38,2
DA:42,56
DA:45,56
DA:46,56
DA:47,56
DA:49,56
DA:50,13
DA:52,43
DA:55,56
DA:69,73
DA:77,10
DA:86,2
DA:94,1
LF:22
LH:22
BRDA:7,0,0,1
BRDA:32,1,0,4
BRDA:32,1,1,58
BRDA:37,2,0,2
BRDA:37,2,1,56
BRDA:49,3,0,13
BRDA:49,3,1,43
BRDA:59,4,0,4
BRDA:59,4,1,52
BRDA:59,5,0,56
BRDA:59,5,1,13
BRDA:85,6,0,1
BRF:12
BRH:12
end_of_record
TN:
SF:src/Ship.js
FN:5,(anonymous_0)
FN:15,(anonymous_1)
FN:27,(anonymous_2)
FN:40,(anonymous_3)
FN:41,(anonymous_4)
FN:49,(anonymous_5)
FN:58,(anonymous_6)
FN:59,(anonymous_7)
FN:67,(anonymous_8)
FNF:9
FNH:9
FNDA:155,(anonymous_0)
FNDA:152,(anonymous_1)
FNDA:62,(anonymous_2)
FNDA:155,(anonymous_3)
FNDA:221,(anonymous_4)
FNDA:49,(anonymous_5)
FNDA:3,(anonymous_6)
FNDA:9,(anonymous_7)
FNDA:144,(anonymous_8)
DA:6,155
DA:7,155
DA:8,155
DA:16,152
DA:17,1
DA:19,151
DA:28,62
DA:29,62
DA:30,61
DA:31,61
DA:33,1
DA:41,221
DA:50,49
DA:51,49
DA:59,9
DA:68,144
LF:16
LH:16
BRDA:16,0,0,1
BRDA:16,0,1,151
BRDA:29,1,0,61
BRDA:29,1,1,1
BRDA:51,2,0,49
BRDA:51,2,1,48
BRF:6
BRH:6
end_of_record
