TN:
SF:src/classes/Board.js
FN:5,(anonymous_0)
FN:16,(anonymous_1)
FN:17,(anonymous_2)
FN:28,(anonymous_3)
FN:56,(anonymous_4)
FN:78,(anonymous_5)
FN:98,(anonymous_6)
FN:112,(anonymous_7)
FN:113,(anonymous_8)
FN:125,(anonymous_9)
FN:161,(anonymous_10)
FN:162,(anonymous_11)
FN:169,(anonymous_12)
FN:170,(anonymous_13)
FN:177,(anonymous_14)
FN:185,(anonymous_15)
FN:186,(anonymous_16)
FNF:17
FNH:14
FNDA:46,(anonymous_0)
FNDA:46,(anonymous_1)
FNDA:460,(anonymous_2)
FNDA:10,(anonymous_3)
FNDA:13,(anonymous_4)
FNDA:13,(anonymous_5)
FNDA:13,(anonymous_6)
FNDA:8,(anonymous_7)
FNDA:24,(anonymous_8)
FNDA:19,(anonymous_9)
FNDA:2,(anonymous_10)
FNDA:2,(anonymous_11)
FNDA:0,(anonymous_12)
FNDA:0,(anonymous_13)
FNDA:0,(anonymous_14)
FNDA:3,(anonymous_15)
FNDA:6,(anonymous_16)
DA:6,46
DA:7,46
DA:8,46
DA:9,46
DA:17,46
DA:18,460
DA:29,10
DA:31,10
DA:32,13
DA:33,13
DA:35,13
DA:36,13
DA:37,13
DA:39,13
DA:41,13
DA:42,8
DA:45,13
DA:57,13
DA:58,7
DA:63,6
DA:79,13
DA:80,39
DA:81,39
DA:83,39
DA:84,0
DA:87,13
DA:99,13
DA:100,13
DA:101,39
DA:102,39
DA:103,39
DA:105,13
DA:113,8
DA:114,24
DA:115,24
DA:116,24
DA:126,19
DA:127,1
DA:130,18
DA:131,18
DA:132,18
DA:135,18
DA:136,21
DA:137,17
DA:138,0
DA:141,17
DA:142,17
DA:144,17
DA:153,1
DA:154,1
DA:162,2
DA:170,0
DA:178,0
DA:186,6
LF:54
LH:50
BRDA:28,0,0,0
BRDA:28,1,0,0
BRDA:28,2,0,0
BRDA:32,3,0,7
BRDA:32,3,1,6
BRDA:35,4,0,13
BRDA:35,4,1,0
BRDA:41,5,0,8
BRDA:41,5,1,5
BRDA:57,6,0,7
BRDA:57,6,1,6
BRDA:80,7,0,21
BRDA:80,7,1,18
BRDA:81,8,0,21
BRDA:81,8,1,18
BRDA:83,9,0,0
BRDA:83,9,1,39
BRDA:83,10,0,39
BRDA:83,10,1,39
BRDA:83,10,2,39
BRDA:101,11,0,21
BRDA:101,11,1,18
BRDA:102,12,0,21
BRDA:102,12,1,18
BRDA:126,13,0,1
BRDA:126,13,1,18
BRDA:136,14,0,17
BRDA:136,14,1,4
BRDA:137,15,0,0
BRDA:137,15,1,17
BRF:30
BRH:24
end_of_record
TN:
SF:src/classes/CPUPlayer.js
FN:5,(anonymous_0)
FN:17,(anonymous_1)
FN:73,(anonymous_2)
FN:83,(anonymous_3)
FN:94,(anonymous_4)
FN:110,(anonymous_5)
FN:124,(anonymous_6)
FN:132,(anonymous_7)
FN:140,(anonymous_8)
FN:147,(anonymous_9)
FNF:10
FNH:0
FNDA:0,(anonymous_0)
FNDA:0,(anonymous_1)
FNDA:0,(anonymous_2)
FNDA:0,(anonymous_3)
FNDA:0,(anonymous_4)
FNDA:0,(anonymous_5)
FNDA:0,(anonymous_6)
FNDA:0,(anonymous_7)
FNDA:0,(anonymous_8)
FNDA:0,(anonymous_9)
DA:6,0
DA:7,0
DA:8,0
DA:9,0
DA:19,0
DA:21,0
DA:22,0
DA:23,0
DA:24,0
DA:25,0
DA:26,0
DA:27,0
DA:31,0
DA:32,0
DA:33,0
DA:34,0
DA:38,0
DA:39,0
DA:41,0
DA:42,0
DA:43,0
DA:44,0
DA:45,0
DA:47,0
DA:48,0
DA:49,0
DA:52,0
DA:53,0
DA:54,0
DA:58,0
DA:74,0
DA:75,0
DA:76,0
DA:84,0
DA:85,0
DA:87,0
DA:94,0
DA:95,0
DA:96,0
DA:97,0
DA:98,0
DA:111,0
DA:113,0
DA:116,0
DA:117,0
DA:125,0
DA:133,0
DA:141,0
DA:148,0
DA:149,0
DA:150,0
LF:51
LH:0
BRDA:22,0,0,0
BRDA:22,0,1,0
BRDA:22,1,0,0
BRDA:22,1,1,0
BRDA:24,2,0,0
BRDA:24,2,1,0
BRDA:26,3,0,0
BRDA:26,3,1,0
BRDA:31,4,0,0
BRDA:31,4,1,0
BRDA:41,5,0,0
BRDA:41,5,1,0
BRDA:42,6,0,0
BRDA:42,6,1,0
BRDA:53,7,0,0
BRDA:53,7,1,0
BRDA:53,8,0,0
BRDA:53,8,1,0
BRDA:63,9,0,0
BRDA:63,9,1,0
BRDA:64,10,0,0
BRDA:64,10,1,0
BRDA:95,11,0,0
BRDA:95,11,1,0
BRDA:97,12,0,0
BRDA:97,12,1,0
BRDA:111,13,0,0
BRDA:111,13,1,0
BRDA:111,14,0,0
BRDA:111,14,1,0
BRDA:111,14,2,0
BRDA:111,14,3,0
BRF:32
BRH:0
end_of_record
TN:
SF:src/classes/Game.js
FN:17,(anonymous_0)
FN:29,(anonymous_1)
FN:45,(anonymous_2)
FN:60,(anonymous_3)
FN:104,(anonymous_4)
FN:105,(anonymous_5)
FN:106,(anonymous_6)
FN:124,(anonymous_7)
FN:138,(anonymous_8)
FN:153,(anonymous_9)
FN:154,(anonymous_10)
FN:161,(anonymous_11)
FN:175,(anonymous_12)
FN:191,(anonymous_13)
FNF:14
FNH:0
FNDA:0,(anonymous_0)
FNDA:0,(anonymous_1)
FNDA:0,(anonymous_2)
FNDA:0,(anonymous_3)
FNDA:0,(anonymous_4)
FNDA:0,(anonymous_5)
FNDA:0,(anonymous_6)
FNDA:0,(anonymous_7)
FNDA:0,(anonymous_8)
FNDA:0,(anonymous_9)
FNDA:0,(anonymous_10)
FNDA:0,(anonymous_11)
FNDA:0,(anonymous_12)
FNDA:0,(anonymous_13)
DA:18,0
DA:19,0
DA:20,0
DA:21,0
DA:22,0
DA:23,0
DA:30,0
DA:33,0
DA:34,0
DA:36,0
DA:37,0
DA:39,0
DA:46,0
DA:47,0
DA:49,0
DA:54,0
DA:61,0
DA:63,0
DA:64,0
DA:65,0
DA:68,0
DA:69,0
DA:70,0
DA:74,0
DA:77,0
DA:79,0
DA:80,0
DA:84,0
DA:85,0
DA:86,0
DA:90,0
DA:93,0
DA:94,0
DA:95,0
DA:105,0
DA:106,0
DA:107,0
DA:109,0
DA:110,0
DA:111,0
DA:113,0
DA:114,0
DA:125,0
DA:128,0
DA:130,0
DA:139,0
DA:140,0
DA:141,0
DA:143,0
DA:144,0
DA:154,0
DA:162,0
DA:176,0
DA:177,0
DA:178,0
DA:179,0
DA:180,0
DA:182,0
DA:183,0
DA:184,0
DA:192,0
DA:193,0
LF:62
LH:0
BRDA:63,0,0,0
BRDA:63,0,1,0
BRDA:68,1,0,0
BRDA:68,1,1,0
BRDA:79,2,0,0
BRDA:79,2,1,0
BRDA:84,3,0,0
BRDA:84,3,1,0
BRDA:93,4,0,0
BRDA:93,4,1,0
BRDA:109,5,0,0
BRDA:109,5,1,0
BRDA:143,6,0,0
BRDA:143,6,1,0
BRDA:182,7,0,0
BRDA:182,7,1,0
BRDA:192,8,0,0
BRDA:192,8,1,0
BRF:18
BRH:0
end_of_record
TN:
SF:src/classes/Player.js
FN:4,(anonymous_0)
FN:14,(anonymous_1)
FN:43,(anonymous_2)
FN:77,(anonymous_3)
FN:85,(anonymous_4)
FN:93,(anonymous_5)
FN:101,(anonymous_6)
FNF:7
FNH:7
FNDA:23,(anonymous_0)
FNDA:18,(anonymous_1)
FNDA:8,(anonymous_2)
FNDA:1,(anonymous_3)
FNDA:1,(anonymous_4)
FNDA:2,(anonymous_5)
FNDA:3,(anonymous_6)
DA:5,23
DA:6,23
DA:15,18
DA:16,5
DA:22,13
DA:23,13
DA:25,13
DA:28,4
DA:34,9
DA:44,8
DA:45,8
DA:46,1
DA:52,7
DA:54,7
DA:55,1
DA:61,6
DA:65,6
DA:78,1
DA:86,1
DA:94,2
DA:102,3
LF:21
LH:21
BRDA:15,0,0,5
BRDA:15,0,1,13
BRDA:15,1,0,18
BRDA:15,1,1,16
BRDA:25,2,0,4
BRDA:25,2,1,9
BRDA:25,3,0,13
BRDA:25,3,1,10
BRDA:25,3,2,9
BRDA:25,3,3,9
BRDA:25,3,4,9
BRDA:25,3,5,9
BRDA:45,4,0,1
BRDA:45,4,1,7
BRDA:54,5,0,1
BRDA:54,5,1,6
BRDA:61,6,0,5
BRDA:61,6,1,1
BRDA:62,7,0,1
BRDA:62,7,1,4
BRF:20
BRH:20
end_of_record
TN:
SF:src/classes/Ship.js
FN:4,(anonymous_0)
FN:14,(anonymous_1)
FN:24,(anonymous_2)
FN:37,(anonymous_3)
FN:38,(anonymous_4)
FN:46,(anonymous_5)
FN:55,(anonymous_6)
FN:56,(anonymous_7)
FN:63,(anonymous_8)
FNF:9
FNH:9
FNDA:31,(anonymous_0)
FNDA:26,(anonymous_1)
FNDA:28,(anonymous_2)
FNDA:28,(anonymous_3)
FNDA:65,(anonymous_4)
FNDA:20,(anonymous_5)
FNDA:2,(anonymous_6)
FNDA:6,(anonymous_7)
FNDA:1,(anonymous_8)
DA:5,31
DA:6,31
DA:15,26
DA:16,26
DA:25,28
DA:26,28
DA:27,26
DA:28,26
DA:30,2
DA:38,65
DA:47,20
DA:48,20
DA:56,6
DA:64,1
LF:14
LH:14
BRDA:4,0,0,1
BRDA:26,1,0,26
BRDA:26,1,1,2
BRDA:26,2,0,28
BRDA:26,2,1,27
BRDA:48,3,0,20
BRDA:48,3,1,19
BRF:7
BRH:7
end_of_record
TN:
SF:src/utils/constants.js
FNF:0
FNH:0
DA:1,2
DA:7,2
DA:14,2
DA:19,2
DA:24,2
LF:5
LH:5
BRF:0
BRH:0
end_of_record
