
> seebattle@1.0.0 test:coverage
> jest --coverage

----------------|---------|----------|---------|---------|----------------------
File            | % Stmts | % Branch | % Funcs | % Lines | Uncovered Line #s    
----------------|---------|----------|---------|---------|----------------------
All files       |   69.79 |    82.22 |   77.94 |   70.69 |                      
 CPU.js         |   94.33 |    93.33 |     100 |   94.33 | 34,43,84             
 Game.js        |   49.25 |     60.6 |      50 |   49.25 | 30-36,64-125,155-157 
 GameBoard.js   |   98.66 |    95.74 |     100 |   98.55 | 141                  
 GameDisplay.js |    7.54 |        0 |   27.27 |    8.69 | 10-66,83-86,110-152  
 Player.js      |     100 |      100 |     100 |     100 |                      
 Ship.js        |     100 |      100 |     100 |     100 |                      
----------------|---------|----------|---------|---------|----------------------
